{"/Volumes/ExternalStorageSD/Git Projects/node-express-boilerplate/index.js":{"path":"/Volumes/ExternalStorageSD/Git Projects/node-express-boilerplate/index.js","s":{"1":1,"2":1,"3":1,"4":1,"5":1,"6":1,"7":1,"8":1,"9":1,"10":1,"11":0,"12":1,"13":1,"14":1,"15":1,"16":1,"17":1,"18":1,"19":1,"20":1},"b":{"1":[1,0],"2":[0,1],"3":[0,0],"4":[1,0]},"f":{},"fnMap":{},"statementMap":{"1":{"start":{"line":1,"column":0},"end":{"line":1,"column":33}},"2":{"start":{"line":2,"column":0},"end":{"line":2,"column":29}},"3":{"start":{"line":3,"column":0},"end":{"line":3,"column":25}},"4":{"start":{"line":4,"column":0},"end":{"line":4,"column":35}},"5":{"start":{"line":5,"column":0},"end":{"line":5,"column":42}},"6":{"start":{"line":6,"column":0},"end":{"line":6,"column":29}},"7":{"start":{"line":7,"column":0},"end":{"line":7,"column":33}},"8":{"start":{"line":9,"column":0},"end":{"line":9,"column":22}},"9":{"start":{"line":12,"column":0},"end":{"line":13,"column":56}},"10":{"start":{"line":12,"column":51},"end":{"line":12,"column":65}},"11":{"start":{"line":13,"column":5},"end":{"line":13,"column":56}},"12":{"start":{"line":15,"column":0},"end":{"line":18,"column":39}},"13":{"start":{"line":22,"column":0},"end":{"line":22,"column":58}},"14":{"start":{"line":23,"column":0},"end":{"line":23,"column":52}},"15":{"start":{"line":24,"column":0},"end":{"line":24,"column":27}},"16":{"start":{"line":25,"column":0},"end":{"line":25,"column":16}},"17":{"start":{"line":27,"column":0},"end":{"line":27,"column":40}},"18":{"start":{"line":30,"column":0},"end":{"line":32,"column":3}},"19":{"start":{"line":31,"column":4},"end":{"line":31,"column":57}},"20":{"start":{"line":34,"column":0},"end":{"line":34,"column":18}}},"branchMap":{"1":{"line":12,"type":"if","locations":[{"start":{"line":12,"column":0},"end":{"line":12,"column":0}},{"start":{"line":12,"column":0},"end":{"line":12,"column":0}}]},"2":{"line":16,"type":"cond-expr","locations":[{"start":{"line":17,"column":10},"end":{"line":17,"column":34}},{"start":{"line":18,"column":10},"end":{"line":18,"column":38}}]},"3":{"line":17,"type":"binary-expr","locations":[{"start":{"line":17,"column":10},"end":{"line":17,"column":26}},{"start":{"line":17,"column":30},"end":{"line":17,"column":34}}]},"4":{"line":18,"type":"binary-expr","locations":[{"start":{"line":18,"column":10},"end":{"line":18,"column":30}},{"start":{"line":18,"column":34},"end":{"line":18,"column":38}}]}}},"/Volumes/ExternalStorageSD/Git Projects/node-express-boilerplate/routes/index.js":{"path":"/Volumes/ExternalStorageSD/Git Projects/node-express-boilerplate/routes/index.js","s":{"1":1,"2":1,"3":1,"4":1,"5":2,"6":2,"7":2,"8":1,"9":1,"10":1,"11":1},"b":{"1":[1,1],"2":[1,1]},"f":{},"fnMap":{},"statementMap":{"1":{"start":{"line":1,"column":0},"end":{"line":1,"column":35}},"2":{"start":{"line":2,"column":0},"end":{"line":2,"column":32}},"3":{"start":{"line":4,"column":0},"end":{"line":4,"column":50}},"4":{"start":{"line":26,"column":0},"end":{"line":35,"column":3}},"5":{"start":{"line":27,"column":4},"end":{"line":27,"column":54}},"6":{"start":{"line":29,"column":4},"end":{"line":34,"column":7}},"7":{"start":{"line":30,"column":8},"end":{"line":33,"column":43}},"8":{"start":{"line":31,"column":12},"end":{"line":31,"column":28}},"9":{"start":{"line":32,"column":12},"end":{"line":32,"column":34}},"10":{"start":{"line":33,"column":15},"end":{"line":33,"column":43}},"11":{"start":{"line":37,"column":0},"end":{"line":37,"column":24}}},"branchMap":{"1":{"line":27,"type":"cond-expr","locations":[{"start":{"line":27,"column":34},"end":{"line":27,"column":48}},{"start":{"line":27,"column":51},"end":{"line":27,"column":53}}]},"2":{"line":30,"type":"if","locations":[{"start":{"line":30,"column":8},"end":{"line":30,"column":8}},{"start":{"line":30,"column":8},"end":{"line":30,"column":8}}]}}},"/Volumes/ExternalStorageSD/Git Projects/node-express-boilerplate/lib/doSomething.js":{"path":"/Volumes/ExternalStorageSD/Git Projects/node-express-boilerplate/lib/doSomething.js","s":{"1":1,"2":2,"3":1,"4":1},"b":{"1":[1,1]},"f":{},"fnMap":{},"statementMap":{"1":{"start":{"line":6,"column":0},"end":{"line":12,"column":2}},"2":{"start":{"line":7,"column":4},"end":{"line":11,"column":5}},"3":{"start":{"line":8,"column":8},"end":{"line":8,"column":56}},"4":{"start":{"line":10,"column":8},"end":{"line":10,"column":42}}},"branchMap":{"1":{"line":7,"type":"if","locations":[{"start":{"line":7,"column":4},"end":{"line":7,"column":4}},{"start":{"line":7,"column":4},"end":{"line":7,"column":4}}]}}}}