TN:
SF:/Volumes/ExternalStorageSD/Git Projects/node-express-boilerplate/index.js
FNF:0
FNH:0
DA:1,1
DA:2,1
DA:3,1
DA:4,1
DA:5,1
DA:6,1
DA:7,1
DA:9,1
DA:12,1
DA:13,0
DA:15,1
DA:22,1
DA:23,1
DA:24,1
DA:25,1
DA:27,1
DA:30,1
DA:31,1
DA:34,1
LF:19
LH:18
BRDA:12,1,0,1
BRDA:12,1,1,0
BRDA:16,2,0,0
BRDA:16,2,1,1
BRDA:17,3,0,0
BRDA:17,3,1,0
BRDA:18,4,0,1
BRDA:18,4,1,0
BRF:8
BRH:3
end_of_record
TN:
SF:/Volumes/ExternalStorageSD/Git Projects/node-express-boilerplate/routes/index.js
FNF:0
FNH:0
DA:1,1
DA:2,1
DA:4,1
DA:26,1
DA:27,2
DA:29,2
DA:30,2
DA:31,1
DA:32,1
DA:33,1
DA:37,1
LF:11
LH:11
BRDA:27,1,0,1
BRDA:27,1,1,1
BRDA:30,2,0,1
BRDA:30,2,1,1
BRF:4
BRH:4
end_of_record
TN:
SF:/Volumes/ExternalStorageSD/Git Projects/node-express-boilerplate/lib/doSomething.js
FNF:0
FNH:0
DA:6,1
DA:7,2
DA:8,1
DA:10,1
LF:4
LH:4
BRDA:7,1,0,1
BRDA:7,1,1,1
BRF:2
BRH:2
end_of_record
